Name                                                           Stmts   Miss  Cover   Missing
--------------------------------------------------------------------------------------------
catalog/__init__.py                                                0      0   100%
catalog/admin.py                                                  24      0   100%
catalog/apps.py                                                    4      0   100%
catalog/forms.py                                                  13      0   100%
catalog/migrations/0001_initial.py                                 7      0   100%
catalog/migrations/0002_auto_20230203_1047.py                      5      0   100%
catalog/migrations/0003_alter_book_language.py                     5      0   100%
catalog/migrations/0004_rename_date_of_birth_author_birth.py       4      0   100%
catalog/migrations/0005_auto_20230203_1055.py                      4      0   100%
catalog/migrations/0006_alter_author_date_of_birth.py              4      0   100%
catalog/migrations/0007_auto_20230210_1138.py                      5      0   100%
catalog/migrations/0008_auto_20230216_1610.py                      6      0   100%
catalog/migrations/0009_alter_bookinstance_options.py              4      0   100%
catalog/migrations/0010_alter_author_options.py                    4      0   100%
catalog/migrations/__init__.py                                     0      0   100%
catalog/models.py                                                 56      2    96%   70, 109
catalog/urls.py                                                    3      0   100%
catalog/views.py                                                  86      0   100%
--------------------------------------------------------------------------------------------
TOTAL                                                            234      2    99%
